[2021-08-23 10:48:34Z INFO HostContext] No proxy settings were found based on environmental variables (http_proxy/https_proxy/HTTP_PROXY/HTTPS_PROXY)
[2021-08-23 10:48:34Z INFO HostContext] Well known directory 'Bin': '/home/ubuntu/simple-fortune-cookie/actions-runner/bin'
[2021-08-23 10:48:34Z INFO HostContext] Well known directory 'Root': '/home/ubuntu/simple-fortune-cookie/actions-runner'
[2021-08-23 10:48:34Z INFO HostContext] Well known config file 'Credentials': '/home/ubuntu/simple-fortune-cookie/actions-runner/.credentials'
[2021-08-23 10:48:34Z INFO Listener] Runner is built for Linux (X64) - linux-x64.
[2021-08-23 10:48:34Z INFO Listener] RuntimeInformation: Linux 5.8.0-1038-gcp #40~20.04.1-Ubuntu SMP Thu Jul 15 11:55:03 UTC 2021.
[2021-08-23 10:48:34Z INFO Listener] Version: 2.280.3
[2021-08-23 10:48:34Z INFO Listener] Commit: 409920e9f03bd38fe6e58807f069394993ce32e4
[2021-08-23 10:48:34Z INFO Listener] Culture: 
[2021-08-23 10:48:34Z INFO Listener] UI Culture: 
[2021-08-23 10:48:34Z INFO HostContext] Well known directory 'Bin': '/home/ubuntu/simple-fortune-cookie/actions-runner/bin'
[2021-08-23 10:48:34Z INFO HostContext] Well known directory 'Root': '/home/ubuntu/simple-fortune-cookie/actions-runner'
[2021-08-23 10:48:34Z INFO Listener] Validating directory permissions for: '/home/ubuntu/simple-fortune-cookie/actions-runner'
[2021-08-23 10:48:34Z INFO CommandLineParser] Parse
[2021-08-23 10:48:34Z INFO CommandLineParser] Parsing 5 args
[2021-08-23 10:48:34Z INFO CommandLineParser] parsing argument
[2021-08-23 10:48:34Z INFO CommandLineParser] HasArgs: False
[2021-08-23 10:48:34Z INFO CommandLineParser] Adding Command: configure
[2021-08-23 10:48:34Z INFO CommandLineParser] parsing argument
[2021-08-23 10:48:34Z INFO CommandLineParser] HasArgs: True
[2021-08-23 10:48:34Z INFO CommandLineParser] arg: url
[2021-08-23 10:48:34Z INFO CommandLineParser] parsing argument
[2021-08-23 10:48:34Z INFO CommandLineParser] HasArgs: True
[2021-08-23 10:48:34Z INFO CommandLineParser] Adding option 'url': 'https://github.com/Arkobat/simple-fortune-cookie'
[2021-08-23 10:48:34Z INFO CommandLineParser] parsing argument
[2021-08-23 10:48:34Z INFO CommandLineParser] HasArgs: True
[2021-08-23 10:48:34Z INFO CommandLineParser] arg: token
[2021-08-23 10:48:34Z INFO CommandLineParser] parsing argument
[2021-08-23 10:48:34Z INFO CommandLineParser] HasArgs: True
[2021-08-23 10:48:34Z INFO CommandLineParser] Adding option 'token': '***'
[2021-08-23 10:48:34Z INFO Listener] Arguments parsed
[2021-08-23 10:48:34Z INFO Runner] ExecuteCommand
[2021-08-23 10:48:34Z INFO ConfigurationStore] currentAssemblyLocation: /home/ubuntu/simple-fortune-cookie/actions-runner/bin/Runner.Listener.dll
[2021-08-23 10:48:34Z INFO HostContext] Well known directory 'Bin': '/home/ubuntu/simple-fortune-cookie/actions-runner/bin'
[2021-08-23 10:48:34Z INFO ConfigurationStore] binPath: /home/ubuntu/simple-fortune-cookie/actions-runner/bin
[2021-08-23 10:48:34Z INFO HostContext] Well known directory 'Bin': '/home/ubuntu/simple-fortune-cookie/actions-runner/bin'
[2021-08-23 10:48:34Z INFO HostContext] Well known directory 'Root': '/home/ubuntu/simple-fortune-cookie/actions-runner'
[2021-08-23 10:48:34Z INFO ConfigurationStore] RootFolder: /home/ubuntu/simple-fortune-cookie/actions-runner
[2021-08-23 10:48:34Z INFO HostContext] Well known directory 'Bin': '/home/ubuntu/simple-fortune-cookie/actions-runner/bin'
[2021-08-23 10:48:34Z INFO HostContext] Well known directory 'Root': '/home/ubuntu/simple-fortune-cookie/actions-runner'
[2021-08-23 10:48:34Z INFO HostContext] Well known config file 'Runner': '/home/ubuntu/simple-fortune-cookie/actions-runner/.runner'
[2021-08-23 10:48:34Z INFO ConfigurationStore] ConfigFilePath: /home/ubuntu/simple-fortune-cookie/actions-runner/.runner
[2021-08-23 10:48:34Z INFO HostContext] Well known directory 'Bin': '/home/ubuntu/simple-fortune-cookie/actions-runner/bin'
[2021-08-23 10:48:34Z INFO HostContext] Well known directory 'Root': '/home/ubuntu/simple-fortune-cookie/actions-runner'
[2021-08-23 10:48:34Z INFO HostContext] Well known config file 'Credentials': '/home/ubuntu/simple-fortune-cookie/actions-runner/.credentials'
[2021-08-23 10:48:34Z INFO ConfigurationStore] CredFilePath: /home/ubuntu/simple-fortune-cookie/actions-runner/.credentials
[2021-08-23 10:48:34Z INFO HostContext] Well known directory 'Bin': '/home/ubuntu/simple-fortune-cookie/actions-runner/bin'
[2021-08-23 10:48:34Z INFO HostContext] Well known directory 'Root': '/home/ubuntu/simple-fortune-cookie/actions-runner'
[2021-08-23 10:48:34Z INFO HostContext] Well known config file 'MigratedCredentials': '/home/ubuntu/simple-fortune-cookie/actions-runner/.credentials_migrated'
[2021-08-23 10:48:34Z INFO ConfigurationStore] MigratedCredFilePath: /home/ubuntu/simple-fortune-cookie/actions-runner/.credentials_migrated
[2021-08-23 10:48:34Z INFO HostContext] Well known directory 'Bin': '/home/ubuntu/simple-fortune-cookie/actions-runner/bin'
[2021-08-23 10:48:34Z INFO HostContext] Well known directory 'Root': '/home/ubuntu/simple-fortune-cookie/actions-runner'
[2021-08-23 10:48:34Z INFO HostContext] Well known config file 'Service': '/home/ubuntu/simple-fortune-cookie/actions-runner/.service'
[2021-08-23 10:48:34Z INFO ConfigurationStore] ServiceConfigFilePath: /home/ubuntu/simple-fortune-cookie/actions-runner/.service
[2021-08-23 10:48:34Z INFO CommandSettings] Flag 'help': 'False'
[2021-08-23 10:48:34Z INFO CommandSettings] Flag 'version': 'False'
[2021-08-23 10:48:34Z INFO CommandSettings] Flag 'commit': 'False'
[2021-08-23 10:48:34Z INFO CommandSettings] Flag 'check': 'False'
[2021-08-23 10:48:34Z INFO CommandSettings] Command 'configure': 'True'
[2021-08-23 10:48:34Z INFO Terminal] WRITE LINE: 
[2021-08-23 10:48:34Z INFO Terminal] WRITE LINE: --------------------------------------------------------------------------------
[2021-08-23 10:48:34Z INFO Terminal] WRITE LINE: |        ____ _ _   _   _       _          _        _   _                      |
[2021-08-23 10:48:34Z INFO Terminal] WRITE LINE: |       / ___(_) |_| | | |_   _| |__      / \   ___| |_(_) ___  _ __  ___      |
[2021-08-23 10:48:34Z INFO Terminal] WRITE LINE: |      | |  _| | __| |_| | | | | '_ \    / _ \ / __| __| |/ _ \| '_ \/ __|     |
[2021-08-23 10:48:34Z INFO Terminal] WRITE LINE: |      | |_| | | |_|  _  | |_| | |_) |  / ___ \ (__| |_| | (_) | | | \__ \     |
[2021-08-23 10:48:34Z INFO Terminal] WRITE LINE: |       \____|_|\__|_| |_|\__,_|_.__/  /_/   \_\___|\__|_|\___/|_| |_|___/     |
[2021-08-23 10:48:34Z INFO Terminal] WRITE LINE: |                                                                              |
[2021-08-23 10:48:34Z INFO Terminal] WRITE: |                       
[2021-08-23 10:48:34Z INFO Terminal] WRITE: Self-hosted runner registration
[2021-08-23 10:48:34Z INFO Terminal] WRITE LINE:                         |
[2021-08-23 10:48:34Z INFO Terminal] WRITE LINE: |                                                                              |
[2021-08-23 10:48:34Z INFO Terminal] WRITE LINE: --------------------------------------------------------------------------------
[2021-08-23 10:48:34Z INFO ConfigurationManager] ConfigureAsync
[2021-08-23 10:48:34Z INFO ConfigurationStore] IsConfigured()
[2021-08-23 10:48:34Z INFO ConfigurationStore] IsConfigured: False
[2021-08-23 10:48:34Z INFO ConfigurationManager] Is configured: False
[2021-08-23 10:48:34Z INFO CommandSettings] Arg 'url': 'https://github.com/Arkobat/simple-fortune-cookie'
[2021-08-23 10:48:34Z INFO CommandSettings] Remove url from Arg dictionary.
[2021-08-23 10:48:34Z INFO CommandSettings] Arg 'token': '***'
[2021-08-23 10:48:34Z INFO CommandSettings] Remove token from Arg dictionary.
[2021-08-23 10:48:35Z INFO ConfigurationManager] Http response code: OK from 'POST https://api.github.com/actions/runner-registration'
[2021-08-23 10:48:35Z INFO ConfigurationManager] cred retrieved via GitHub auth
[2021-08-23 10:48:35Z INFO RunnerServer] Establish connection with 100 seconds timeout.
[2021-08-23 10:48:35Z INFO GitHubActionsService] Starting operation Location.GetConnectionData
[2021-08-23 10:48:35Z INFO RunnerServer] Establish connection with 60 seconds timeout.
[2021-08-23 10:48:35Z INFO GitHubActionsService] Starting operation Location.GetConnectionData
[2021-08-23 10:48:35Z INFO RunnerServer] Establish connection with 60 seconds timeout.
[2021-08-23 10:48:35Z INFO GitHubActionsService] Starting operation Location.GetConnectionData
[2021-08-23 10:48:36Z INFO GitHubActionsService] Finished operation Location.GetConnectionData
[2021-08-23 10:48:36Z INFO GitHubActionsService] Finished operation Location.GetConnectionData
[2021-08-23 10:48:36Z INFO GitHubActionsService] Finished operation Location.GetConnectionData
[2021-08-23 10:48:36Z INFO Terminal] WRITE LINE: 
[2021-08-23 10:48:36Z INFO ConfigurationManager] Test Connection complete.
[2021-08-23 10:48:36Z INFO HostContext] Well known directory 'Bin': '/home/ubuntu/simple-fortune-cookie/actions-runner/bin'
[2021-08-23 10:48:36Z INFO HostContext] Well known directory 'Root': '/home/ubuntu/simple-fortune-cookie/actions-runner'
[2021-08-23 10:48:36Z INFO HostContext] Well known config file 'RSACredentials': '/home/ubuntu/simple-fortune-cookie/actions-runner/.credentials_rsaparams'
[2021-08-23 10:48:36Z INFO RSAFileKeyManager] Creating new RSA key using 2048-bit key length
[2021-08-23 10:48:36Z INFO RSAFileKeyManager] Successfully saved RSA key parameters to file /home/ubuntu/simple-fortune-cookie/actions-runner/.credentials_rsaparams
[2021-08-23 10:48:36Z INFO RSAFileKeyManager] Which: 'chmod'
[2021-08-23 10:48:36Z INFO RSAFileKeyManager] Location: '/usr/bin/chmod'
[2021-08-23 10:48:36Z INFO HostContext] Well known directory 'Bin': '/home/ubuntu/simple-fortune-cookie/actions-runner/bin'
[2021-08-23 10:48:36Z INFO HostContext] Well known directory 'Root': '/home/ubuntu/simple-fortune-cookie/actions-runner'
[2021-08-23 10:48:36Z INFO ProcessInvokerWrapper] Starting process:
[2021-08-23 10:48:36Z INFO ProcessInvokerWrapper]   File name: '/usr/bin/chmod'
[2021-08-23 10:48:36Z INFO ProcessInvokerWrapper]   Arguments: '600 /home/ubuntu/simple-fortune-cookie/actions-runner/.credentials_rsaparams'
[2021-08-23 10:48:36Z INFO ProcessInvokerWrapper]   Working directory: '/home/ubuntu/simple-fortune-cookie/actions-runner'
[2021-08-23 10:48:36Z INFO ProcessInvokerWrapper]   Require exit code zero: 'False'
[2021-08-23 10:48:36Z INFO ProcessInvokerWrapper]   Encoding web name:  ; code page: ''
[2021-08-23 10:48:36Z INFO ProcessInvokerWrapper]   Force kill process on cancellation: 'False'
[2021-08-23 10:48:36Z INFO ProcessInvokerWrapper]   Redirected STDIN: 'False'
[2021-08-23 10:48:36Z INFO ProcessInvokerWrapper]   Persist current code page: 'False'
[2021-08-23 10:48:36Z INFO ProcessInvokerWrapper]   Keep redirected STDIN open: 'False'
[2021-08-23 10:48:36Z INFO ProcessInvokerWrapper]   High priority process: 'False'
[2021-08-23 10:48:36Z INFO ProcessInvokerWrapper] Updated oom_score_adj to 500 for PID: 186963.
[2021-08-23 10:48:36Z INFO ProcessInvokerWrapper] Process started with process id 186963, waiting for process exit.
[2021-08-23 10:48:36Z INFO ProcessInvokerWrapper] STDOUT/STDERR stream read finished.
[2021-08-23 10:48:36Z INFO ProcessInvokerWrapper] STDOUT/STDERR stream read finished.
[2021-08-23 10:48:36Z INFO ProcessInvokerWrapper] Finished process 186963 with exit code 0, and elapsed time 00:00:00.0078693.
[2021-08-23 10:48:36Z INFO RSAFileKeyManager] Successfully set permissions for RSA key parameters file /home/ubuntu/simple-fortune-cookie/actions-runner/.credentials_rsaparams
[2021-08-23 10:48:36Z INFO CommandSettings] Arg 'runnergroup': ''
[2021-08-23 10:48:36Z INFO CommandSettings] Flag 'unattended': 'False'
[2021-08-23 10:48:36Z INFO PromptManager] ReadValue
[2021-08-23 10:48:36Z INFO Terminal] WRITE: Enter the name of the runner group to add this runner to: 
[2021-08-23 10:48:36Z INFO Terminal] WRITE: [press Enter for Default] 
[2021-08-23 10:48:36Z INFO Terminal] READ LINE
[2021-08-23 10:48:52Z INFO Terminal] Read value: 'Simple Cookie'
[2021-08-23 10:48:52Z INFO Terminal] WRITE LINE: 
[2021-08-23 10:48:52Z ERR  Runner] GitHub.DistributedTask.WebApi.TaskAgentPoolNotFoundException: Could not find any self-hosted runner group named "Simple Cookie".
   at GitHub.Runner.Listener.Configuration.ConfigurationManager.ConfigureAsync(CommandSettings command)
   at GitHub.Runner.Listener.Runner.ExecuteCommand(CommandSettings command)
[2021-08-23 10:48:52Z ERR  Terminal] WRITE ERROR: Could not find any self-hosted runner group named "Simple Cookie".
[2021-08-23 10:48:52Z INFO Listener] Runner execution has finished with return code 1
